Arguments: 
  /usr/bin/node /usr/bin/yarn publish

PATH: 
  /usr/bin:/home/jordan/.bun/bin:/home/jordan/bin:/usr/bin:/home/jordan/.bun/bin:/home/jordan/.rover/bin:/home/jordan/.cargo/bin:/home/jordan/bin:/usr/local/sbin:/usr/local/bin:/usr/sbin:/usr/bin:/sbin:/bin:/usr/games:/usr/local/games:/snap/bin:/home/jordan/.yarn/bin:~/bin:/usr/local/cuda/bin:/home/jordan/.yarn/bin:~/bin:/usr/local/cuda/bin

Yarn version: 
  1.22.17

Node version: 
  16.16.0

Platform: 
  linux x64

Trace: 
  Error: https://registry.yarnpkg.com/-/user/org.couchdb.user:aspiesolutions: That email has already been registered.
      at Request.params.callback [as _callback] (/usr/lib/node_modules/yarn/lib/cli.js:67029:18)
      at Request.self.callback (/usr/lib/node_modules/yarn/lib/cli.js:140883:22)
      at Request.emit (node:events:527:28)
      at Request.<anonymous> (/usr/lib/node_modules/yarn/lib/cli.js:141855:10)
      at Request.emit (node:events:527:28)
      at IncomingMessage.<anonymous> (/usr/lib/node_modules/yarn/lib/cli.js:141777:12)
      at Object.onceWrapper (node:events:641:28)
      at IncomingMessage.emit (node:events:539:35)
      at endReadableNT (node:internal/streams/readable:1345:12)
      at processTicksAndRejections (node:internal/process/task_queues:83:21)

npm manifest: 
  {
    "name": "@aspiesolutions/lib-neon-graphql",
    "version": "0.0.2",
    "description": "",
    "main": "index.node",
    "scripts": {
      "test": "echo \"Error: no test specified\" && exit 1",
      "build": "cargo-cp-artifact -nc index.node -- cargo build --message-format=json-render-diagnostics",
      "install": "yarn build"
    },
    "devDependencies": {
      "cargo-cp-artifact": "^0.1"
    },
    "author": "",
    "license": "ISC"
  }

yarn manifest: 
  No manifest

Lockfile: 
  # THIS IS AN AUTOGENERATED FILE. DO NOT EDIT THIS FILE DIRECTLY.
  # yarn lockfile v1
  
  
  cargo-cp-artifact@^0.1:
    version "0.1.6"
    resolved "https://registry.yarnpkg.com/cargo-cp-artifact/-/cargo-cp-artifact-0.1.6.tgz#df1bc9dad036ae0f4230639a869182e1d5850f89"
    integrity sha512-CQw0doK/aaF7j041666XzuilHxqMxaKkn+I5vmBsd8SAwS0cO5CqVEVp0xJwOKstyqWZ6WK4Ww3O6p26x/Goyg==
